Traceback (most recent call last):
  File "/scratch/RTMA/alex.schein/Data formatting scripts/concatenate_netcdfs_urma.py", line 93, in <module>
    if not os.path.exists(path_train_urma):
NameError: name 'path_train_urma' is not defined. Did you mean: 'files_train_urma'?
0/26279 concatenated
262/26279 concatenated
524/26279 concatenated
786/26279 concatenated
1048/26279 concatenated
1310/26279 concatenated
1572/26279 concatenated
1834/26279 concatenated
2096/26279 concatenated
2358/26279 concatenated
2620/26279 concatenated
2882/26279 concatenated
3144/26279 concatenated
3406/26279 concatenated
3668/26279 concatenated
3930/26279 concatenated
4192/26279 concatenated
4454/26279 concatenated
4716/26279 concatenated
4978/26279 concatenated
5240/26279 concatenated
5502/26279 concatenated
5764/26279 concatenated
6026/26279 concatenated
6288/26279 concatenated
6550/26279 concatenated
6812/26279 concatenated
7074/26279 concatenated
7336/26279 concatenated
7598/26279 concatenated
7860/26279 concatenated
8122/26279 concatenated
8384/26279 concatenated
8646/26279 concatenated
8908/26279 concatenated
9170/26279 concatenated
9432/26279 concatenated
9694/26279 concatenated
9956/26279 concatenated
10218/26279 concatenated
10480/26279 concatenated
10742/26279 concatenated
11004/26279 concatenated
11266/26279 concatenated
11528/26279 concatenated
11790/26279 concatenated
12052/26279 concatenated
12314/26279 concatenated
12576/26279 concatenated
12838/26279 concatenated
13100/26279 concatenated
13362/26279 concatenated
13624/26279 concatenated
13886/26279 concatenated
14148/26279 concatenated
14410/26279 concatenated
14672/26279 concatenated
14934/26279 concatenated
15196/26279 concatenated
15458/26279 concatenated
15720/26279 concatenated
15982/26279 concatenated
16244/26279 concatenated
16506/26279 concatenated
16768/26279 concatenated
17030/26279 concatenated
17292/26279 concatenated
17554/26279 concatenated
17816/26279 concatenated
18078/26279 concatenated
18340/26279 concatenated
18602/26279 concatenated
18864/26279 concatenated
19126/26279 concatenated
19388/26279 concatenated
19650/26279 concatenated
19912/26279 concatenated
20174/26279 concatenated
20436/26279 concatenated
20698/26279 concatenated
20960/26279 concatenated
21222/26279 concatenated
21484/26279 concatenated
21746/26279 concatenated
22008/26279 concatenated
22270/26279 concatenated
22532/26279 concatenated
22794/26279 concatenated
23056/26279 concatenated
23318/26279 concatenated
23580/26279 concatenated
23842/26279 concatenated
24104/26279 concatenated
24366/26279 concatenated
24628/26279 concatenated
24890/26279 concatenated
25152/26279 concatenated
25414/26279 concatenated
25676/26279 concatenated
25938/26279 concatenated
26200/26279 concatenated
/data1/projects/RTMA/alex.schein/URMA_train_test/train_urma_alltimes_d2m.nc written to disk
0/8783 concatenated
87/8783 concatenated
174/8783 concatenated
261/8783 concatenated
348/8783 concatenated
435/8783 concatenated
522/8783 concatenated
609/8783 concatenated
696/8783 concatenated
783/8783 concatenated
870/8783 concatenated
957/8783 concatenated
1044/8783 concatenated
1131/8783 concatenated
1218/8783 concatenated
1305/8783 concatenated
1392/8783 concatenated
1479/8783 concatenated
1566/8783 concatenated
1653/8783 concatenated
1740/8783 concatenated
1827/8783 concatenated
1914/8783 concatenated
2001/8783 concatenated
2088/8783 concatenated
2175/8783 concatenated
2262/8783 concatenated
2349/8783 concatenated
2436/8783 concatenated
2523/8783 concatenated
2610/8783 concatenated
2697/8783 concatenated
2784/8783 concatenated
2871/8783 concatenated
2958/8783 concatenated
3045/8783 concatenated
3132/8783 concatenated
3219/8783 concatenated
3306/8783 concatenated
3393/8783 concatenated
3480/8783 concatenated
3567/8783 concatenated
3654/8783 concatenated
3741/8783 concatenated
3828/8783 concatenated
3915/8783 concatenated
4002/8783 concatenated
4089/8783 concatenated
4176/8783 concatenated
4263/8783 concatenated
4350/8783 concatenated
4437/8783 concatenated
4524/8783 concatenated
4611/8783 concatenated
4698/8783 concatenated
4785/8783 concatenated
4872/8783 concatenated
4959/8783 concatenated
5046/8783 concatenated
5133/8783 concatenated
5220/8783 concatenated
5307/8783 concatenated
5394/8783 concatenated
5481/8783 concatenated
5568/8783 concatenated
5655/8783 concatenated
5742/8783 concatenated
5829/8783 concatenated
5916/8783 concatenated
6003/8783 concatenated
6090/8783 concatenated
6177/8783 concatenated
6264/8783 concatenated
6351/8783 concatenated
6438/8783 concatenated
6525/8783 concatenated
6612/8783 concatenated
6699/8783 concatenated
6786/8783 concatenated
6873/8783 concatenated
6960/8783 concatenated
7047/8783 concatenated
7134/8783 concatenated
7221/8783 concatenated
7308/8783 concatenated
7395/8783 concatenated
7482/8783 concatenated
7569/8783 concatenated
7656/8783 concatenated
7743/8783 concatenated
7830/8783 concatenated
7917/8783 concatenated
8004/8783 concatenated
8091/8783 concatenated
8178/8783 concatenated
8265/8783 concatenated
8352/8783 concatenated
8439/8783 concatenated
8526/8783 concatenated
8613/8783 concatenated
8700/8783 concatenated
/data1/projects/RTMA/alex.schein/URMA_train_test/test_urma_alltimes_d2m.nc written to disk
0/26279 concatenated
262/26279 concatenated
524/26279 concatenated
786/26279 concatenated
1048/26279 concatenated
1310/26279 concatenated
1572/26279 concatenated
1834/26279 concatenated
2096/26279 concatenated
2358/26279 concatenated
2620/26279 concatenated
2882/26279 concatenated
3144/26279 concatenated
3406/26279 concatenated
3668/26279 concatenated
3930/26279 concatenated
4192/26279 concatenated
4454/26279 concatenated
4716/26279 concatenated
4978/26279 concatenated
5240/26279 concatenated
5502/26279 concatenated
5764/26279 concatenated
6026/26279 concatenated
6288/26279 concatenated
6550/26279 concatenated
6812/26279 concatenated
7074/26279 concatenated
7336/26279 concatenated
7598/26279 concatenated
7860/26279 concatenated
8122/26279 concatenated
8384/26279 concatenated
8646/26279 concatenated
8908/26279 concatenated
9170/26279 concatenated
9432/26279 concatenated
9694/26279 concatenated
9956/26279 concatenated
10218/26279 concatenated
10480/26279 concatenated
10742/26279 concatenated
11004/26279 concatenated
11266/26279 concatenated
11528/26279 concatenated
11790/26279 concatenated
12052/26279 concatenated
12314/26279 concatenated
12576/26279 concatenated
12838/26279 concatenated
13100/26279 concatenated
13362/26279 concatenated
13624/26279 concatenated
13886/26279 concatenated
14148/26279 concatenated
14410/26279 concatenated
14672/26279 concatenated
14934/26279 concatenated
15196/26279 concatenated
15458/26279 concatenated
15720/26279 concatenated
15982/26279 concatenated
16244/26279 concatenated
16506/26279 concatenated
16768/26279 concatenated
17030/26279 concatenated
17292/26279 concatenated
17554/26279 concatenated
17816/26279 concatenated
18078/26279 concatenated
18340/26279 concatenated
18602/26279 concatenated
18864/26279 concatenated
19126/26279 concatenated
19388/26279 concatenated
19650/26279 concatenated
19912/26279 concatenated
20174/26279 concatenated
20436/26279 concatenated
20698/26279 concatenated
20960/26279 concatenated
21222/26279 concatenated
21484/26279 concatenated
21746/26279 concatenated
22008/26279 concatenated
22270/26279 concatenated
22532/26279 concatenated
22794/26279 concatenated
23056/26279 concatenated
23318/26279 concatenated
23580/26279 concatenated
23842/26279 concatenated
24104/26279 concatenated
24366/26279 concatenated
24628/26279 concatenated
24890/26279 concatenated
25152/26279 concatenated
25414/26279 concatenated
25676/26279 concatenated
25938/26279 concatenated
26200/26279 concatenated
/data1/projects/RTMA/alex.schein/URMA_train_test/train_urma_alltimes_pressurf.nc written to disk
0/8783 concatenated
87/8783 concatenated
174/8783 concatenated
261/8783 concatenated
348/8783 concatenated
435/8783 concatenated
522/8783 concatenated
609/8783 concatenated
696/8783 concatenated
783/8783 concatenated
870/8783 concatenated
957/8783 concatenated
1044/8783 concatenated
1131/8783 concatenated
1218/8783 concatenated
1305/8783 concatenated
1392/8783 concatenated
1479/8783 concatenated
1566/8783 concatenated
1653/8783 concatenated
1740/8783 concatenated
1827/8783 concatenated
1914/8783 concatenated
2001/8783 concatenated
2088/8783 concatenated
2175/8783 concatenated
2262/8783 concatenated
2349/8783 concatenated
2436/8783 concatenated
2523/8783 concatenated
2610/8783 concatenated
2697/8783 concatenated
2784/8783 concatenated
2871/8783 concatenated
2958/8783 concatenated
3045/8783 concatenated
3132/8783 concatenated
3219/8783 concatenated
3306/8783 concatenated
3393/8783 concatenated
3480/8783 concatenated
3567/8783 concatenated
3654/8783 concatenated
3741/8783 concatenated
3828/8783 concatenated
3915/8783 concatenated
4002/8783 concatenated
4089/8783 concatenated
4176/8783 concatenated
4263/8783 concatenated
4350/8783 concatenated
4437/8783 concatenated
4524/8783 concatenated
4611/8783 concatenated
4698/8783 concatenated
4785/8783 concatenated
4872/8783 concatenated
4959/8783 concatenated
5046/8783 concatenated
5133/8783 concatenated
5220/8783 concatenated
5307/8783 concatenated
5394/8783 concatenated
5481/8783 concatenated
5568/8783 concatenated
5655/8783 concatenated
5742/8783 concatenated
5829/8783 concatenated
5916/8783 concatenated
6003/8783 concatenated
6090/8783 concatenated
6177/8783 concatenated
6264/8783 concatenated
6351/8783 concatenated
6438/8783 concatenated
6525/8783 concatenated
6612/8783 concatenated
6699/8783 concatenated
6786/8783 concatenated
6873/8783 concatenated
6960/8783 concatenated
7047/8783 concatenated
7134/8783 concatenated
7221/8783 concatenated
7308/8783 concatenated
7395/8783 concatenated
7482/8783 concatenated
7569/8783 concatenated
7656/8783 concatenated
7743/8783 concatenated
7830/8783 concatenated
7917/8783 concatenated
8004/8783 concatenated
8091/8783 concatenated
8178/8783 concatenated
8265/8783 concatenated
8352/8783 concatenated
8439/8783 concatenated
8526/8783 concatenated
8613/8783 concatenated
8700/8783 concatenated
/data1/projects/RTMA/alex.schein/URMA_train_test/test_urma_alltimes_pressurf.nc written to disk
0/26279 concatenated
262/26279 concatenated
524/26279 concatenated
786/26279 concatenated
1048/26279 concatenated
1310/26279 concatenated
1572/26279 concatenated
1834/26279 concatenated
2096/26279 concatenated
2358/26279 concatenated
2620/26279 concatenated
2882/26279 concatenated
3144/26279 concatenated
3406/26279 concatenated
3668/26279 concatenated
3930/26279 concatenated
4192/26279 concatenated
4454/26279 concatenated
4716/26279 concatenated
4978/26279 concatenated
5240/26279 concatenated
5502/26279 concatenated
5764/26279 concatenated
6026/26279 concatenated
6288/26279 concatenated
6550/26279 concatenated
6812/26279 concatenated
7074/26279 concatenated
7336/26279 concatenated
7598/26279 concatenated
7860/26279 concatenated
8122/26279 concatenated
8384/26279 concatenated
8646/26279 concatenated
8908/26279 concatenated
9170/26279 concatenated
9432/26279 concatenated
9694/26279 concatenated
9956/26279 concatenated
10218/26279 concatenated
10480/26279 concatenated
10742/26279 concatenated
11004/26279 concatenated
11266/26279 concatenated
11528/26279 concatenated
11790/26279 concatenated
12052/26279 concatenated
12314/26279 concatenated
12576/26279 concatenated
12838/26279 concatenated
13100/26279 concatenated
13362/26279 concatenated
13624/26279 concatenated
13886/26279 concatenated
14148/26279 concatenated
14410/26279 concatenated
14672/26279 concatenated
14934/26279 concatenated
15196/26279 concatenated
15458/26279 concatenated
15720/26279 concatenated
15982/26279 concatenated
16244/26279 concatenated
16506/26279 concatenated
16768/26279 concatenated
17030/26279 concatenated
17292/26279 concatenated
17554/26279 concatenated
17816/26279 concatenated
18078/26279 concatenated
18340/26279 concatenated
18602/26279 concatenated
18864/26279 concatenated
19126/26279 concatenated
19388/26279 concatenated
19650/26279 concatenated
19912/26279 concatenated
20174/26279 concatenated
20436/26279 concatenated
20698/26279 concatenated
20960/26279 concatenated
21222/26279 concatenated
21484/26279 concatenated
21746/26279 concatenated
22008/26279 concatenated
22270/26279 concatenated
22532/26279 concatenated
22794/26279 concatenated
23056/26279 concatenated
23318/26279 concatenated
23580/26279 concatenated
23842/26279 concatenated
24104/26279 concatenated
24366/26279 concatenated
24628/26279 concatenated
24890/26279 concatenated
25152/26279 concatenated
25414/26279 concatenated
25676/26279 concatenated
25938/26279 concatenated
26200/26279 concatenated
/data1/projects/RTMA/alex.schein/URMA_train_test/train_urma_alltimes_u10m.nc written to disk
0/8783 concatenated
87/8783 concatenated
174/8783 concatenated
261/8783 concatenated
348/8783 concatenated
435/8783 concatenated
522/8783 concatenated
609/8783 concatenated
696/8783 concatenated
783/8783 concatenated
870/8783 concatenated
957/8783 concatenated
1044/8783 concatenated
1131/8783 concatenated
1218/8783 concatenated
1305/8783 concatenated
1392/8783 concatenated
1479/8783 concatenated
1566/8783 concatenated
1653/8783 concatenated
1740/8783 concatenated
1827/8783 concatenated
1914/8783 concatenated
2001/8783 concatenated
2088/8783 concatenated
2175/8783 concatenated
2262/8783 concatenated
2349/8783 concatenated
2436/8783 concatenated
2523/8783 concatenated
2610/8783 concatenated
2697/8783 concatenated
2784/8783 concatenated
2871/8783 concatenated
2958/8783 concatenated
3045/8783 concatenated
3132/8783 concatenated
3219/8783 concatenated
3306/8783 concatenated
3393/8783 concatenated
3480/8783 concatenated
3567/8783 concatenated
3654/8783 concatenated
3741/8783 concatenated
3828/8783 concatenated
3915/8783 concatenated
4002/8783 concatenated
4089/8783 concatenated
4176/8783 concatenated
4263/8783 concatenated
4350/8783 concatenated
4437/8783 concatenated
4524/8783 concatenated
4611/8783 concatenated
4698/8783 concatenated
4785/8783 concatenated
4872/8783 concatenated
4959/8783 concatenated
5046/8783 concatenated
5133/8783 concatenated
5220/8783 concatenated
5307/8783 concatenated
5394/8783 concatenated
5481/8783 concatenated
5568/8783 concatenated
5655/8783 concatenated
5742/8783 concatenated
5829/8783 concatenated
5916/8783 concatenated
6003/8783 concatenated
6090/8783 concatenated
6177/8783 concatenated
6264/8783 concatenated
6351/8783 concatenated
6438/8783 concatenated
6525/8783 concatenated
6612/8783 concatenated
6699/8783 concatenated
6786/8783 concatenated
6873/8783 concatenated
6960/8783 concatenated
7047/8783 concatenated
7134/8783 concatenated
7221/8783 concatenated
7308/8783 concatenated
7395/8783 concatenated
7482/8783 concatenated
7569/8783 concatenated
7656/8783 concatenated
7743/8783 concatenated
7830/8783 concatenated
7917/8783 concatenated
8004/8783 concatenated
8091/8783 concatenated
8178/8783 concatenated
8265/8783 concatenated
8352/8783 concatenated
8439/8783 concatenated
8526/8783 concatenated
8613/8783 concatenated
8700/8783 concatenated
/data1/projects/RTMA/alex.schein/URMA_train_test/test_urma_alltimes_u10m.nc written to disk
0/26279 concatenated
262/26279 concatenated
524/26279 concatenated
786/26279 concatenated
1048/26279 concatenated
1310/26279 concatenated
1572/26279 concatenated
1834/26279 concatenated
2096/26279 concatenated
2358/26279 concatenated
2620/26279 concatenated
2882/26279 concatenated
3144/26279 concatenated
3406/26279 concatenated
3668/26279 concatenated
3930/26279 concatenated
4192/26279 concatenated
4454/26279 concatenated
4716/26279 concatenated
4978/26279 concatenated
5240/26279 concatenated
5502/26279 concatenated
5764/26279 concatenated
6026/26279 concatenated
6288/26279 concatenated
6550/26279 concatenated
6812/26279 concatenated
7074/26279 concatenated
7336/26279 concatenated
7598/26279 concatenated
7860/26279 concatenated
8122/26279 concatenated
8384/26279 concatenated
8646/26279 concatenated
8908/26279 concatenated
9170/26279 concatenated
9432/26279 concatenated
9694/26279 concatenated
9956/26279 concatenated
10218/26279 concatenated
10480/26279 concatenated
10742/26279 concatenated
11004/26279 concatenated
11266/26279 concatenated
11528/26279 concatenated
11790/26279 concatenated
12052/26279 concatenated
12314/26279 concatenated
12576/26279 concatenated
12838/26279 concatenated
13100/26279 concatenated
13362/26279 concatenated
13624/26279 concatenated
13886/26279 concatenated
14148/26279 concatenated
14410/26279 concatenated
14672/26279 concatenated
14934/26279 concatenated
15196/26279 concatenated
15458/26279 concatenated
15720/26279 concatenated
15982/26279 concatenated
16244/26279 concatenated
16506/26279 concatenated
16768/26279 concatenated
17030/26279 concatenated
17292/26279 concatenated
17554/26279 concatenated
17816/26279 concatenated
18078/26279 concatenated
18340/26279 concatenated
18602/26279 concatenated
18864/26279 concatenated
19126/26279 concatenated
19388/26279 concatenated
19650/26279 concatenated
19912/26279 concatenated
20174/26279 concatenated
20436/26279 concatenated
20698/26279 concatenated
20960/26279 concatenated
21222/26279 concatenated
21484/26279 concatenated
21746/26279 concatenated
22008/26279 concatenated
22270/26279 concatenated
22532/26279 concatenated
22794/26279 concatenated
23056/26279 concatenated
23318/26279 concatenated
23580/26279 concatenated
23842/26279 concatenated
24104/26279 concatenated
24366/26279 concatenated
24628/26279 concatenated
24890/26279 concatenated
25152/26279 concatenated
25414/26279 concatenated
25676/26279 concatenated
25938/26279 concatenated
26200/26279 concatenated
/data1/projects/RTMA/alex.schein/URMA_train_test/train_urma_alltimes_v10m.nc written to disk
0/8783 concatenated
87/8783 concatenated
174/8783 concatenated
261/8783 concatenated
348/8783 concatenated
435/8783 concatenated
522/8783 concatenated
609/8783 concatenated
696/8783 concatenated
783/8783 concatenated
870/8783 concatenated
957/8783 concatenated
1044/8783 concatenated
1131/8783 concatenated
1218/8783 concatenated
1305/8783 concatenated
1392/8783 concatenated
1479/8783 concatenated
1566/8783 concatenated
1653/8783 concatenated
1740/8783 concatenated
1827/8783 concatenated
1914/8783 concatenated
2001/8783 concatenated
2088/8783 concatenated
2175/8783 concatenated
2262/8783 concatenated
2349/8783 concatenated
2436/8783 concatenated
2523/8783 concatenated
2610/8783 concatenated
2697/8783 concatenated
2784/8783 concatenated
2871/8783 concatenated
2958/8783 concatenated
3045/8783 concatenated
3132/8783 concatenated
3219/8783 concatenated
3306/8783 concatenated
3393/8783 concatenated
3480/8783 concatenated
3567/8783 concatenated
3654/8783 concatenated
3741/8783 concatenated
3828/8783 concatenated
3915/8783 concatenated
4002/8783 concatenated
4089/8783 concatenated
4176/8783 concatenated
4263/8783 concatenated
4350/8783 concatenated
4437/8783 concatenated
4524/8783 concatenated
4611/8783 concatenated
4698/8783 concatenated
4785/8783 concatenated
4872/8783 concatenated
4959/8783 concatenated
5046/8783 concatenated
5133/8783 concatenated
5220/8783 concatenated
5307/8783 concatenated
5394/8783 concatenated
5481/8783 concatenated
5568/8783 concatenated
5655/8783 concatenated
5742/8783 concatenated
5829/8783 concatenated
5916/8783 concatenated
6003/8783 concatenated
6090/8783 concatenated
6177/8783 concatenated
6264/8783 concatenated
6351/8783 concatenated
6438/8783 concatenated
6525/8783 concatenated
6612/8783 concatenated
6699/8783 concatenated
6786/8783 concatenated
6873/8783 concatenated
6960/8783 concatenated
7047/8783 concatenated
7134/8783 concatenated
7221/8783 concatenated
7308/8783 concatenated
7395/8783 concatenated
7482/8783 concatenated
7569/8783 concatenated
7656/8783 concatenated
7743/8783 concatenated
7830/8783 concatenated
7917/8783 concatenated
8004/8783 concatenated
8091/8783 concatenated
8178/8783 concatenated
8265/8783 concatenated
8352/8783 concatenated
8439/8783 concatenated
8526/8783 concatenated
8613/8783 concatenated
8700/8783 concatenated
/data1/projects/RTMA/alex.schein/URMA_train_test/test_urma_alltimes_v10m.nc written to disk
